
 1 ---- 456
 2 ---- 13139896260
 3 ---- 15001056489
 4 ---- 138 1036 7881
 5 ---- 13560082451
 6 ---- 18688162334
 7 ---- 13168749392
 8 ---- 10000000000
 9 ---- 15152569239
 10 ---- 13811173551
 11 ---- 13999288114
 12 ---- 18681992193
 13 ---- 18600846380
 14 ---- 15810237816
 15 ---- 15973903663
 16 ---- 13598015071
 17 ---- 13601140346
 18 ---- 15925131409
 19 ---- 13524822056
 20 ---- 13874827010
 21 ---- 15001377355
 22 ---- 13761866839
 23 ---- 13693327919
 24 ---- 13693531221
 25 ---- 18740201243
 26 ---- 13760651305
 27 ---- 13432328595
 28 ---- 15801599477
 29 ---- 18601211774
 30 ---- 13439848585
 31 ---- 15811321120
 32 ---- 18205094455
 33 ---- 13911085031
 34 ---- 15630213088
 35 ---- 18211074201
 36 ---- 15001249041
 37 ---- 13911880887
 38 ---- 13917614851
 39 ---- 13693069824
 40 ---- 15801393434
 41 ---- 13552025363
 42 ---- 13439950890
 43 ---- 13691292098
 44 ---- 13521287331
 45 ---- 13418510112
 46 ---- 13688890117
 47 ---- 13816638948
 48 ---- 15810233104
 49 ---- 15822522161
 50 ---- 15831603137
 51 ---- 86 159 1416 8909
 52 ---- 18710883413
 53 ---- 13401081244
 54 ---- 18601360105
 55 ---- 15083847972
 56 ---- 13752903797
 57 ---- 13688625603
 58 ---- 15072396155
 59 ---- 13186462939,13003460978
 60 ---- 81-7064559968
 61 ---- 13701333234
 62 ---- 13982228119
 63 ---- 13520310936
 64 ---- 13633626513
 65 ---- 13899917959
 66 ---- 15940858839
 67 ---- 13693199525
 68 ---- 15994268353
 69 ---- 15204326376
 70 ---- 86 13524096551
 71 ---- 13611758024
 72 ---- 18666965216
 73 ---- 13810700535
 74 ---- 13801053271
 75 ---- 18610236587
 76 ---- 18725098885
 77 ---- 15943297026
 78 ---- +86 13811158916
 79 ---- 15872394720
 80 ---- 18628880818
 81 ---- 18643508070
 82 ---- 13426270922
 83 ---- 15909301230
 84 ---- 15998153125
 85 ---- 13810669527
 86 ---- 13924206254
 87 ---- 13817464060
 88 ---- 13810049420
 89 ---- 13466522650
 90 ---- 18680810329
 91 ---- 13817058571
 92 ---- 13836164353
 93 ---- 13662984825
 94 ---- 17685529004
 95 ---- 15101037418
 96 ---- 15201478004
 97 ---- 15101040354
 98 ---- 18600844293
 99 ---- 13820934421
 100 ---- 13764398969
 101 ---- 15010004979
 102 ---- 18600057817
 103 ---- 15943549066
 104 ---- 15233035901
 105 ---- 13654373462
 106 ---- 18701610928
 107 ---- 15052009365
 108 ---- 15979887455
 109 ---- 15838170630
 110 ---- 15281077152
 111 ---- 13677909216
 112 ---- 13693370328
 113 ---- 13437115298
 114 ---- 18660592099
 115 ---- 13672127063
 116 ---- 15901929275
 117 ---- 13811758276
 118 ---- 13480661874
 119 ---- 13918496188
 120 ---- 13501716135
 121 ---- 15001234824
 122 ---- 13480819090
 123 ---- 15843210711
 124 ---- 15026699676
 125 ---- 13688094348
 126 ---- 18684675690
 127 ---- 015998915771
 128 ---- 13811684202
 129 ---- 13269856170
 130 ---- 13913855961
 131 ---- 15810743402
 132 ---- 15001005038
 133 ---- 15800575900
 134 ---- 15182254611
 135 ---- 18704032308
 136 ---- 15895234791
 137 ---- 15942358566
 138 ---- 18616768727
 139 ---- 00971 503169840
 140 ---- 13718035383
 141 ---- 13811245001
 142 ---- 18811222353
 143 ---- 18610318826
 144 ---- 15049310811 13848226183
 145 ---- 13803065010
 146 ---- 13811914020
 147 ---- 13866137056
 148 ---- 13910110119
 149 ---- 18857876353
 150 ---- 13718967618
 151 ---- 15901050751
 152 ---- 18062108792
 153 ---- 13911064116
 154 ---- 15110008255
 155 ---- 18229917337
 156 ---- 15838100396
 157 ---- 13315606979
 158 ---- 13524083675
 159 ---- 13581767608
 160 ---- 13581672746
 161 ---- 13917231522
 162 ---- 13678461886
 163 ---- 13585947740
 164 ---- 15811395007
 165 ---- 13601067327
 166 ---- 15905645890
 167 ---- 18841520920
 168 ---- 15811128956
 169 ---- 18201037911
 170 ---- 13468617857
 171 ---- +86-186-1077-2202
 172 ---- 13801586571 18652055786
 173 ---- 13918079011
 174 ---- 18516265230
 175 ---- 15061205097
 176 ---- 13820163884
 177 ---- 18084356750
 178 ---- 13439757327
 179 ---- 009710552883107
 180 ---- 13821075901
 181 ---- 18611136362
 182 ---- 15811011596
 183 ---- 18747690666
 184 ---- 13911502802
 185 ---- 15018501213
 186 ---- 18255411629
 187 ---- 15010937209
 188 ---- 18357197068
 189 ---- 13752948373
 190 ---- 18627177600
 191 ---- +971501480521（阿联酋）13667723460(国内)
 192 ---- 15802235688
 193 ---- 13602078543
 194 ---- 13601584126
 195 ---- 15156005153
 196 ---- 13718741301
 197 ---- 13810285156
 198 ---- 13681248167
 199 ---- 18501225145
 200 ---- 015880211446
 201 ---- 13642106692
 202 ---- 13658048571
 203 ---- 15010239722
 204 ---- 18612259503
 205 ---- 13466609550
 206 ---- 13581821217
 207 ---- 15230695345
 208 ---- 15877808073
 209 ---- 13269838729
 210 ---- 15806358662
 211 ---- 18600799000
 212 ---- +886922531781
 213 ---- 15313233615
 214 ---- 13684916770
 215 ---- 15110071034
 216 ---- 13520694257
 217 ---- 13810763922
 218 ---- 18688601983
 219 ---- 13069060195
 220 ---- 13488781244
 221 ---- +86 15828599779
 222 ---- 18301643650
 223 ---- 13662146911
 224 ---- 13732258110
 225 ---- 13933176965
 226 ---- 13476233345
 227 ---- 13380629825
 228 ---- 15810882305
 229 ---- 13911272886
 230 ---- 13943092655
 231 ---- 18602824061
 232 ---- 15580328513
 233 ---- 18662595551
 234 ---- 18611532090
 235 ---- 18317816981
 236 ---- 18622276502
 237 ---- 13810217975
 238 ---- 18627059995
 239 ---- 13801339198
 240 ---- 18210047533
 241 ---- 15671781015
 242 ---- 13916656731
 243 ---- 15102294957
 244 ---- 13810979489
 245 ---- 15001732077
 246 ---- 13629602260
 247 ---- １５９２７８００２２５
 248 ---- 18621626263
 249 ---- 15124085486
 250 ---- 13502142703
 251 ---- 13951711517
 252 ---- 13811956235
 253 ---- 15950900289
 254 ---- 15900951972
 255 ---- 18666010053
 256 ---- 008613540888331
 257 ---- 00971 567887936
 258 ---- 13541261015
 259 ---- 13520176361
 260 ---- 13811766692
 261 ---- 15810463361
 262 ---- 15210367514
 263 ---- 15801513401
 264 ---- 18915789386
 265 ---- 15817447685
 266 ---- 15811175502
 267 ---- 15001155138
 268 ---- 13057593373
 269 ---- 18580440014
 270 ---- 13654887630
 271 ---- 0086 18650126977
 272 ---- 13811079344
 273 ---- 15011339761
 274 ---- 13601879045
 275 ---- 13985530423
 276 ---- 15001081660
 277 ---- 18710026290
 278 ---- 13702103343
 279 ---- 18601237707
 280 ---- 18290472229
 281 ---- 13602096453
 282 ---- 15101092448
 283 ---- 18601137255
 284 ---- 13811565239
 285 ---- 15964136931
 286 ---- 15631630201
 287 ---- 135-2082-4670
 288 ---- 13764238595
 289 ---- 13764722769
 290 ---- 13103365768
 291 ---- 18701668891
 292 ---- 18640079056
 293 ---- 15813839915
 294 ---- 18701199491
 295 ---- 15830464015
 296 ---- 15110274074
 297 ---- 13817648521
 298 ---- 15110055972
 299 ---- 15842209557
 300 ---- +6597601879
 301 ---- 18609190401
 302 ---- 18611318096
 303 ---- 13662108981
 304 ---- 13269598795
 305 ---- 15998507092
 306 ---- 13811845405
 307 ---- 15811185869
 308 ---- 15210280189
 309 ---- 13683152243
 310 ---- 13774428317
 311 ---- 18514079836
 312 ---- 18710047705
 313 ---- 13520154143
 314 ---- 15110499908
 315 ---- 13810823279
 316 ---- 15063396565
 317 ---- 15998620515
 318 ---- 18608730727
 319 ---- 15904506949
 320 ---- 13512053589
 321 ---- 13522146650
 322 ---- 18622292097
 323 ---- 15083847811
 324 ---- 13621921728
 325 ---- 18601256572
 326 ---- 13504094119
 327 ---- 13426270230
 328 ---- 15910445891
 329 ---- 13910816315
 330 ---- 13811374580
 331 ---- 13347432273
 332 ---- 15042566523
 333 ---- 15829800635
 334 ---- 13685789610
 335 ---- 13901387487
 336 ---- 18618346871
 337 ---- 13500378699
 338 ---- 13674800311
 339 ---- 13552402127
 340 ---- 13604461756
 341 ---- 13520962107
 342 ---- 13912868442
 343 ---- 13720002549
 344 ---- 15035669591
 345 ---- 15888831674
 346 ---- 13552090085
 347 ---- 13811003931
 348 ---- 15010000801
 349 ---- 13581861834
 350 ---- 13718775145
 351 ---- 13438094801
 352 ---- 13665789011
 353 ---- 18814842350
 354 ---- 13683171410
 355 ---- 18621831659
 356 ---- 13612036613
 357 ---- 18651088889
 358 ---- 18669717592
 359 ---- 15811173049
 360 ---- 15811368467
 361 ---- 13699134770
 362 ---- 13810858325
 363 ---- 13980139769/0097-1551075568
 364 ---- 13920222310
 365 ---- 13720052583
 366 ---- 15001052617
 367 ---- 15810177613
 368 ---- 15017568512
 369 ---- 18672975066
 370 ---- 13525534263
 371 ---- 13520630543
 372 ---- 13622154483
 373 ---- 13925088621
 374 ---- 13811865521
 375 ---- 15966641773
 376 ---- 15200426510
 377 ---- 13781331496
 378 ---- 13716049781
 379 ---- ＋8613735582478
 380 ---- 18657156123
 381 ---- 18632663188
 382 ---- 13426176407
 383 ---- +008613131009339
 384 ---- 18612256395
 385 ---- 18616005234
 386 ---- 15882488979
 387 ---- 15001058142
 388 ---- 86-13808037744
 389 ---- 18600040719
 390 ---- 13601096033
 391 ---- 13176095826
 392 ---- 13911590026
 393 ---- 13636377435
 394 ---- 15077164576
 395 ---- 15920873505
 396 ---- 008618716239887
 397 ---- +8615210698856
 398 ---- 15601076142
 399 ---- 13584299327
 400 ---- 15937878391
 401 ---- 15010102681
 402 ---- 13552640774
 403 ---- 15910896016
 404 ---- 15222731345
 405 ---- 13521953057
 406 ---- 13761569136
 407 ---- 18686510877
 408 ---- 18737660408
 409 ---- 15210177972
 410 ---- 13850198501
 411 ---- 13810954175
 412 ---- 18611139503
 413 ---- 13910709530/15001392840
 414 ---- 18839369696
 415 ---- 15502110116
 416 ---- 18635849898
 417 ---- 13188004906
 418 ---- 13672008162
 419 ---- 15001145602
 420 ---- 13162167375
 421 ---- 15901128977
 422 ---- 13751751652
 423 ---- 13819102779
 424 ---- 15208995687
 425 ---- 18801116300
 426 ---- 13691597460
 427 ---- 13810318497
 428 ---- 15801322795
 429 ---- 18685178227
 430 ---- 15936806897
 431 ---- 15801699157
 432 ---- 15810058747
 433 ---- 15021377207
 434 ---- 13965891217
 435 ---- 15097961835
 436 ---- 13595079131
 437 ---- 13011569587
 438 ---- 15210050074
 439 ---- +86 13640896566
 440 ---- 15901230834
 441 ---- 13816947984
 442 ---- 18673251087
 443 ---- 18671396811
 444 ---- 13785036800
 445 ---- 13633602933
 446 ---- 15067463614
 447 ---- 13001148044
 448 ---- 15083971533
 449 ---- 13896167213
 450 ---- 13522912883
 451 ---- 15011385853
 452 ---- 15910811509
 453 ---- 15011453747
 454 ---- 13811931035
 455 ---- 13810731939
 456 ---- 15910616852
 457 ---- 15519008603
 458 ---- 15901535634
 459 ---- 13998610161
 460 ---- 13121607172
 461 ---- 13585683883
 462 ---- 15098227815
 463 ---- 13261132937
 464 ---- 15901024256
 465 ---- 198701590405
 466 ---- 15961768752
 467 ---- 13886125135
 468 ---- 18310364836
 469 ---- 15101140023
 470 ---- +86 15002481628
 471 ---- 13581890542
 472 ---- 13811608295
 473 ---- 15948025956
 474 ---- 13611002248
 475 ---- 13581997485
 476 ---- 13910578236
 477 ---- 18781404155
 478 ---- 13840998056
 479 ---- 13846848818
 480 ---- 18612997410
 481 ---- 15902882121
 482 ---- 13552705417
 483 ---- 15869334249
 484 ---- 15611928569
 485 ---- 15810783858
 486 ---- 13916656731
 487 ---- 18686813332
 488 ---- 18201018110
 489 ---- 13967136168
 490 ---- 13913899270
 491 ---- 13916904700
 492 ---- 15158877249
 493 ---- 13067934893
 494 ---- 13651109632
 495 ---- 18603108125
 496 ---- 15810912189
 497 ---- 15623154988
 498 ---- 15133422855
 499 ---- 13726215560
 500 ---- 15067448911
 501 ---- 13439793707
 502 ---- 13911064507
 503 ---- 086+13824125669
 504 ---- 15911038545
 505 ---- 13428962002
 506 ---- 13426363000
 507 ---- 13761038105
 508 ---- 15258146696
 509 ---- 15858295338
 510 ---- 13166668980
 511 ---- 13819306068
 512 ---- 13017681382
 513 ---- 13178852499
 514 ---- 13818797529
 515 ---- 13520687936
 516 ---- 13967128033
 517 ---- 18005258866
 518 ---- 13618645640
 519 ---- 15001317844
 520 ---- +86-15857291355
 521 ---- 15868477339
 522 ---- 18210114761
 523 ---- 13952611760
 524 ---- 13401118153
 525 ---- 13500378699
 526 ---- 13911792640
 527 ---- 15001217412
 528 ---- 13524706290
 529 ---- 13761740285
 530 ---- 18911556765
 531 ---- 13917183967
 532 ---- 13681634499
 533 ---- 13817092887
 534 ---- 18685178227
 535 ---- 15821380510
 536 ---- +86-17710756430
 537 ---- 15219130265
 538 ---- 15813301733
 539 ---- 18621000771
 540 ---- 13601998981
 541 ---- 18520604011
 542 ---- 15021581218
 543 ---- +8615168234986
 544 ---- 15158183625
 545 ---- 13817884320
 546 ---- 15957123723
 547 ---- 15221406925
 548 ---- 15899976315
 549 ---- 15810132481
 550 ---- 0086-13811170266
 551 ---- 13263230583
 552 ---- 13917958683
 553 ---- 13675119758
 554 ---- 13508301654
 555 ---- 17712402005
 556 ---- 13911443877
 557 ---- 13911091092
 558 ---- 13758231019
 559 ---- 13436603556
 560 ---- 15010798858
 561 ---- 15988228246
 562 ---- 15589939551
 563 ---- 13643588302
 564 ---- 13871154857
 565 ---- 13564361432
 566 ---- 13911205266
 567 ---- 13701463498
 568 ---- 13651998257
 569 ---- 13811960044
 570 ---- 15601621861
 571 ---- 13910131226
 572 ---- 13801129033
 573 ---- 15880067380
 574 ---- 15099609182
 575 ---- 15850633877
 576 ---- 15013140023
 577 ---- 15068732852
 578 ---- 15811231131
 579 ---- 15017581442
 580 ---- 13817524162
 581 ---- 00971504282088
 582 ---- 13755679109
 583 ---- 15925138314
 584 ---- 15152795800
 585 ---- 18669861348
 586 ---- 13720089907
 587 ---- 18618147917
 588 ---- （086）13663847647
 589 ---- 13982221116
 590 ---- 15810425887
 591 ---- 18915292282
 592 ---- 18621668189
 593 ---- 13521978628
 594 ---- 15901252258
 595 ---- 18686124846
 596 ---- 15895779686
 597 ---- 13681432077
 598 ---- 13910085072
 599 ---- 18500239144
 600 ---- 13510529332
 601 ---- 18600060091
 602 ---- 15158183586
 603 ---- 13699972319
 604 ---- 15888847507
 605 ---- 15869183799
 606 ---- 15921935607
 607 ---- 15810300351
 608 ---- 15950481108
 609 ---- +86(15810610310)、13801106000
 610 ---- 15898871556
 611 ---- 15810898710
 612 ---- 13826560586
 613 ---- 13466662081
 614 ---- 18201625148
 615 ---- 18610150303
 616 ---- 15167291499
 617 ---- 18702004700
 618 ---- 13641191194
 619 ---- 15901206631
 620 ---- 15344872789
 621 ---- 13911343428
 622 ---- 15280230963
 623 ---- 18621328464
 624 ---- 18638533232
 625 ---- 13031030415
 626 ---- 13439492284
 627 ---- 15901181332
 628 ---- 15271834815
 629 ---- 13916614250
 630 ---- 15910469273
 631 ---- 15882465785
 632 ---- 15001203623
 633 ---- +82-10-3121-7701
 634 ---- 15908203210
 635 ---- 15811165705
 636 ---- 13738068216
 637 ---- 15927246279
 638 ---- 13681146910
 639 ---- 18611745697
 640 ---- 13720059852
 641 ---- 13822272524
 642 ---- 13615171072
 643 ---- 13621066400
 644 ---- 13917450551
 645 ---- 13851510573
 646 ---- 13554185903
 647 ---- 13146849926
 648 ---- 15652639801
 649 ---- 18201013539
 650 ---- 18611480664
 651 ---- 15127659856
 652 ---- 13333056799
 653 ---- 13911254676
 654 ---- 13780208769
 655 ---- 13858049511
 656 ---- 13466703152
 657 ---- 13816996982
 658 ---- 15912546484
 659 ---- 13588107329
 660 ---- 13581603616
 661 ---- 18610350292
 662 ---- 18618328571
 663 ---- 18811211601
 664 ---- 13811128455
 665 ---- 13761272400
 666 ---- 15810633552
 667 ---- 18346185631／日本 08089150079
 668 ---- 13575522080
 669 ---- 13618722921
 670 ---- 15011402632
 671 ---- 15901413119
 672 ---- 13464589237
 673 ---- 18782225910
 674 ---- 13520002853
 675 ---- 13851777075
 676 ---- 13718870065
 677 ---- 13823660431
 678 ---- 18633345664
 679 ---- 15031065986
 680 ---- 15991251267
 681 ---- 18733741092
 682 ---- 15101161396
 683 ---- 13621263947
 684 ---- 13167547255
 685 ---- 15000412323
 686 ---- 86-13517198297
 687 ---- 18610245992
 688 ---- 13401098820
 689 ---- 13720017809
 690 ---- 15101089027
 691 ---- 15801469457
 692 ---- 15192031287
 693 ---- 18660225200
 694 ---- 1768881874
 695 ---- 13811861579
 696 ---- 15201060321
 697 ---- 15210539765
 698 ---- 13524232926
 699 ---- 13500977852
 700 ---- 13738195058
 701 ---- 13811663817
 702 ---- 15922183893
 703 ---- 13683678060
 704 ---- 18210126144
 705 ---- 13581728670
 706 ---- 13819178597
 707 ---- 18993179950
 708 ---- 15077822984
 709 ---- 13761426142
 710 ---- 15868412158
 711 ---- 13811585730
 712 ---- 13811993407
 713 ---- 13621357980
 714 ---- 13701988449
 715 ---- 18210490924
 716 ---- 13931369936
 717 ---- 18618365539
 718 ---- 15951559410
 719 ---- 15068726070
 720 ---- 18611182803
 721 ---- 18636705565
 722 ---- 13127889576
 723 ---- 13681401617
 724 ---- 15923362374
 725 ---- 13791979306
 726 ---- 15901052737
 727 ---- 13581811858
 728 ---- 13810793452
 729 ---- 18957673457
 730 ---- 13672036817
 731 ---- 15000237927
 732 ---- 13810908344
 733 ---- 13801328584
 734 ---- 13641832725
 735 ---- 15949900773
 736 ---- 18606507571
 737 ---- 18621973701
 738 ---- 18562523151
 739 ---- 15901184816
 740 ---- 18601296548
 741 ---- 15011429667
 742 ---- 15010681369
 743 ---- 13911260707
 744 ---- 15201929397
 745 ---- 13601912245
 746 ---- 13256767777
 747 ---- 13821214748
 748 ---- 15850731066
 749 ---- 15010672780
 750 ---- 18943654447
 751 ---- 15988133442
 752 ---- 15820730900
 753 ---- 15045053503
 754 ---- 15068730175
 755 ---- 13752818542
 756 ---- 18611423160
 757 ---- 18292056858
 758 ---- 15539321166
 759 ---- 15210234982
 760 ---- 13996192082
 761 ---- 15890955767
 762 ---- 13718101987
 763 ---- 13501124744
 764 ---- 15201243016
 765 ---- 13811781675
 766 ---- 13957133758
 767 ---- 13269928573
 768 ---- 15848139893
 769 ---- 13681292855
 770 ---- 13699263495
 771 ---- 15231929635
 772 ---- 13601295468
 773 ---- 13718830297
 774 ---- 15901027764
 775 ---- 18638501336
 776 ---- 18611701136
 777 ---- 15821663949
 778 ---- 15072639440
 779 ---- 13681296500
 780 ---- 18610007874
 781 ---- 13911523429
 782 ---- 15010576237
 783 ---- 13643419230
 784 ---- 13795338502
 785 ---- 15810531048
 786 ---- 13622137066
 787 ---- 137956472787
 788 ---- 13810167554
 789 ---- 13811932408
 790 ---- 15010198395
 791 ---- 13718077035
 792 ---- 13996381227
 793 ---- 18611803038
 794 ---- 13621264693
 795 ---- 1581112797
 796 ---- 13666105311
 797 ---- 13910402011
 798 ---- 15068726707
 799 ---- 15901556871
 800 ---- 18201665692
 801 ---- 18657799076
 802 ---- 13462200346
 803 ---- 13524124866
 804 ---- 13810766068
 805 ---- 15901412821
 806 ---- 13776718717
 807 ---- 18611156770
 808 ---- 13917116234
 809 ---- 15858289767
 810 ---- 15919182980
 811 ---- 13718870065
 812 ---- 13810390295
 813 ---- 18657167905
 814 ---- 18609113311
 815 ---- 13738139733
 816 ---- 15810617138
 817 ---- 8613817994219
 818 ---- 13777821132
 819 ---- 18601791828
 820 ---- 13984918584
 821 ---- 13564125177
 822 ---- 18036618859
 823 ---- 15011080611
 824 ---- 15910680562
 825 ---- 15110212859
 826 ---- +971502194366
 827 ---- 13811931035
 828 ---- 13883584757
 829 ---- +61 451127339
 830 ---- 15600087285
 831 ---- 15257567951
 832 ---- 18776977471
 833 ---- 13916355491
 834 ---- 18610028625
 835 ---- 13588773630
 836 ---- 86-18225075149
 837 ---- 13996275294
 838 ---- 13411868527
 839 ---- 15354114491
 840 ---- 15019933009
 841 ---- 18701122749
 842 ---- 13911443052
 843 ---- 15801558976
 844 ---- 18611783816
 845 ---- 13260300655
 846 ---- 13840182340
 847 ---- 15869012492
 848 ---- 15101138079
 849 ---- 13910051897
 850 ---- 13811805880
 851 ---- 15910612482
 852 ---- 15205159315
 853 ---- 13621754270
 854 ---- 13221381006
 855 ---- 13482399472
 856 ---- 18610061521
 857 ---- 13667100289
 858 ---- 13761002323
 859 ---- 13051096719
 860 ---- 13485778361
 861 ---- 18611845430
 862 ---- 13873556422
 863 ---- 13810598443
 864 ---- 13706509893
 865 ---- 15948693976
 866 ---- 15201962596
 867 ---- 18710028732
 868 ---- 18611519111
 869 ---- 15810285573
 870 ---- 13699236743
 871 ---- 15833998285
 872 ---- 15858286559
 873 ---- 15210990944
 874 ---- 13810050810
 875 ---- 17793226982
 876 ---- 18956497573
 877 ---- +65 91607075
 878 ---- 15075927590
 879 ---- 15201611943
 880 ---- 15201094165
 881 ---- 13811609877
 882 ---- 15519008603
 883 ---- 13671575714
 884 ---- 18648873832
 885 ---- 15139143480
 886 ---- 15801202085
 887 ---- 18341601231
 888 ---- 13585612335
 889 ---- 13581935380
 890 ---- 13778008761
 891 ---- 13901207101
 892 ---- 15010592341
 893 ---- 18211165446
 894 ---- 18611419273
 895 ---- 13522651524
 896 ---- 13426283923
 897 ---- 13811673702
 898 ---- 13810678112
 899 ---- 15198773732
 900 ---- 18736800118
 901 ---- 13979136111
 902 ---- +8618611976410
 903 ---- 18734832945
 904 ---- 18801023334
 905 ---- 15910866698
 906 ---- 18722601523
 907 ---- 13901196153
 908 ---- 18710155493
 909 ---- 15800942772
 910 ---- 13885121501
 911 ---- 18911026765
 912 ---- 13241931958
 913 ---- 18211192615
 914 ---- 15901375595
 915 ---- 13916237582
 916 ---- 13736017201
 917 ---- 18653008836
 918 ---- 18600020993
 919 ---- 13264586216
 920 ---- 13509711557
 921 ---- 15929922072
 922 ---- 18628001430
 923 ---- 15230110896
 924 ---- 15083971533
 925 ---- 15021112004
 926 ---- 18618190708
 927 ---- 15801675622
 928 ---- 13761071222
 929 ---- 18789837555
 930 ---- 13818147950
 931 ---- 15883984635
 932 ---- 15201131552
 933 ---- 15901081357
 934 ---- 15201227908
 935 ---- 18842704260
 936 ---- 18523806647
 937 ---- 13958081664
 938 ---- 15021076177
 939 ---- 15647018583
 940 ---- 13771231819
 941 ---- 13811928928
 942 ---- 13967743517
 943 ---- 13581826974
 944 ---- 15810582233
 945 ---- 15810080711
 946 ---- 15801698815
 947 ---- 15810027280
 948 ---- 18630010025
 949 ---- 13764195963
 950 ---- 18651827032
 951 ---- 13717882145
 952 ---- 15810617136
 953 ---- 15609217899
 954 ---- 18501268982
 955 ---- 15210996724
 956 ---- 13917080728
 957 ---- 15101041714
 958 ---- 13718953781
 959 ---- 13811648079
 960 ---- 18752917931
 961 ---- 18701661651
 962 ---- 18721108805
 963 ---- 15277019175
 964 ---- 15820264573
 965 ---- 15001362890
 966 ---- 15833980660
 967 ---- 13661824208
 968 ---- 13552931393
 969 ---- 15137130895
 970 ---- 15804519723
 971 ---- 15124791388
 972 ---- 18690701199
 973 ---- 13910967938
 974 ---- 13910558382
 975 ---- 15949094580
 976 ---- 15913227963
 977 ---- 13548053141
 978 ---- 18321997145
 979 ---- 15176074386
 980 ---- 18201646371
 981 ---- +86(0) 13851673648
 982 ---- 13379039959
 983 ---- 18201156676
 984 ---- 13761516491
 985 ---- 18502747380
 986 ---- 13789818536
 987 ---- 15110191649
 988 ---- 15011402632
 989 ---- 15907007000
 990 ---- 13524600412
 991 ---- 18200570135
 992 ---- 15150721176
 993 ---- 13598890403
 994 ---- 13588521669
 995 ---- 13729904692
 996 ---- 13436605370
 997 ---- 13819809106
 998 ---- 18680810029
 999 ---- 15210096585
 1000 ---- 013819108705
 1001 ---- 15129231877
 1002 ---- 13810151956
 1003 ---- 15088472518
 1004 ---- 13821404329
 1005 ---- 13754313366
 1006 ---- 15175318568
 1007 ---- 18611584488
 1008 ---- 18710104979
 1009 ---- 18657276050
 1010 ---- 13651169493
 1011 ---- 13466374583
 1012 ---- 15801192927
 1013 ---- 15117908145
 1014 ---- 13811573087
 1015 ---- 15117908143
 1016 ---- 13581702388
 1017 ---- 15966555039
 1018 ---- 15869342417
 1019 ---- 18621581892
 1020 ---- 18810020796
 1021 ---- 15833756683
 1022 ---- 13426187344
 1023 ---- 18007169525
 1024 ---- 13066724539
 1025 ---- 13501397427
 1026 ---- 15222391090
 1027 ---- 18211014164
 1028 ---- 13701079793
 1029 ---- 15120675467
 1030 ---- 15068727786
 1031 ---- 15210761296
 1032 ---- 18701448919
 1033 ---- 13764344186
 1034 ---- 18210097589
 1035 ---- 13478685075
 1036 ---- 18610359959
 1037 ---- 13720038577
 1038 ---- 13681240147
 1039 ---- 18686861187
 1040 ---- 15811264721
 1041 ---- 15910645198
 1042 ---- 13391550865
 1043 ---- 13851656372
 1044 ---- 15921533460
 1045 ---- 18611359801
 1046 ---- 15201133787
 1047 ---- 13659480559
 1048 ---- 015216608035
 1049 ---- 15811345324
 1050 ---- 008615957187725
 1051 ---- 13811233103
 1052 ---- 13426031987
 1053 ---- 13681186676
 1054 ---- 13311277216
 1055 ---- 13590429097
 1056 ---- 15811228660
 1057 ---- 15801767880
 1058 ---- 15810958235
 1059 ---- 13989886702
 1060 ---- 18911533051
 1061 ---- 15088333500
 1062 ---- 18201148467
 1063 ---- 13683345754
 1064 ---- 008613403407923
 1065 ---- 13738086696
 1066 ---- 15921867377
 1067 ---- 13898923989
 1068 ---- 13681190384
 1069 ---- 13851489831
 1070 ---- 15321922652
 1071 ---- 15910398043
 1072 ---- 13552913915
 1073 ---- 13307976921
 1074 ---- 15110045042
 1075 ---- 15611481262
 1076 ---- 18911560286
 1077 ---- 15801404676
 1078 ---- 13697143439
 1079 ---- 13995685629
 1080 ---- 15611868552 or13161186282
 1081 ---- 15901095257
 1082 ---- 18611657181
 1083 ---- 18631666930
 1084 ---- 15850574307 dubai 0561329702
 1085 ---- 13752416053
 1086 ---- 86 1365 101 3607
 1087 ---- 13502102699
 1088 ---- 13819128450
 1089 ---- 13581728029
 1090 ---- 13818904562
 1091 ---- 15201692619
 1092 ---- １５９８８７７０７７３
 1093 ---- 13585550047
 1094 ---- 13120298603
 1095 ---- 15201228243
 1096 ---- 13910841182
 1097 ---- 15800578484
 1098 ---- 15979186620
 1099 ---- +86 186-1019-8847
 1100 ---- 18600560348
 1101 ---- 15000971327
 1102 ---- 15249274398
 1103 ---- 15901121253
 1104 ---- 15068723007
 1105 ---- 15597991234
 1106 ---- 13566544663
 1107 ---- 15955577135
 1108 ---- 15974139689
 1109 ---- 18205921935
 1110 ---- 13810686647
 1111 ---- 15002066967
 1112 ---- 15858229169
 1113 ---- 18621627025
 1114 ---- 13615726103
 1115 ---- 18611388174
 1116 ---- 15258862040
 1117 ---- 15157140326
 1118 ---- 18614047070
 1119 ---- 15901435274
 1120 ---- 13678175545
 1121 ---- 13524723818
 1122 ---- 15306735139
 1123 ---- 18691295286
 1124 ---- 15811031010
 1125 ---- 15901043740
 1126 ---- 18701470510
 1127 ---- 15001353247
 1128 ---- 18942072821
 1129 ---- 13821128608
 1130 ---- 015263056078
 1131 ---- 18310253991
 1132 ---- 15232444644
 1133 ---- 15276702909
 1134 ---- 15888065127
 1135 ---- 15117916959
 1136 ---- 13999970140
 1137 ---- 13916618659
 1138 ---- 13810329368
 1139 ---- 13810347077
 1140 ---- 15901258104
 1141 ---- 15963116005
 1142 ---- 13522912883
 1143 ---- +86 15618591882
 1144 ---- 15001392780
 1145 ---- 13586781999
 1146 ---- 15810111037
 1147 ---- 13520613752
 1148 ---- 15802459969
 1149 ---- 13126997697
 1150 ---- 13811152616
 1151 ---- 086-13651925771
 1152 ---- 15952022162
 1153 ---- 13011878069
 1154 ---- 15810315153
 1155 ---- 13861262593
 1156 ---- 18273199639
 1157 ---- 18604322671
 1158 ---- 18611944439
 1159 ---- 13761337432
 1160 ---- 13637736589
 1161 ---- 13917998132
 1162 ---- 15601115896
 1163 ---- 18321188083
 1164 ---- 13404801833
 1165 ---- 15011566409
 1166 ---- 15916236477
 1167 ---- 13650563374
 1168 ---- 13996088361
 1169 ---- 15162307089
 1170 ---- 15822720511
 1171 ---- 15823191091
 1172 ---- 15083817773
 1173 ---- 13520550118
 1174 ---- 13636344594
 1175 ---- 18801626426
 1176 ---- 13601323289
 1177 ---- 13681665506
 1178 ---- 15988728990
 1179 ---- 13426461257
 1180 ---- 18637188398
 1181 ---- 15849340979
 1182 ---- 13501539863
 1183 ---- 13521985762
 1184 ---- 15805813869
 1185 ---- 13622345251
 1186 ---- 15902033962
 1187 ---- 13718328434
 1188 ---- 15210985973
 1189 ---- 15201346273
 1190 ---- 13917175567
 1191 ---- 13552183128
 1192 ---- 18611176352
 1193 ---- 15810230708
 1194 ---- 18663834685
 1195 ---- 15801573310
 1196 ---- 18222289890
 1197 ---- 18680663393
 1198 ---- 15833756683
 1199 ---- 13392296766
 1200 ---- 13596274928
 1201 ---- 13466372625
 1202 ---- 15068726612
 1203 ---- 15011018011
 1204 ---- 18911957921
 1205 ---- 13605704612
 1206 ---- 13917374099
 1207 ---- 15121084459
 1208 ---- 18610093611
 1209 ---- (+852)5134 8157
 1210 ---- 18665606237
 1211 ---- 15611868552 /13161186282
 1212 ---- 13681221628
 1213 ---- 15675190993
 1214 ---- 13810888815
 1215 ---- 13661120847
 1216 ---- 18611656263
 1217 ---- 86-13971042170
 1218 ---- 18285191787
 1219 ---- 15001003379
 1220 ---- 13651832668
 1221 ---- 13524243253
 1222 ---- 18688155510
 1223 ---- 
 1224 ---- 13771576367
 1225 ---- 18627025019
 1226 ---- 13776624648
 1227 ---- 13601096006
 1228 ---- 13601250702
 1229 ---- 15064135713
 1230 ---- 13466321597
 1231 ---- 13767463346
 1232 ---- 15622981111
 1233 ---- 18602171387
 1234 ---- 13524521577
 1235 ---- 15201387436
 1236 ---- 13527516105
 1237 ---- 15006121329
 1238 ---- 13916946978
 1239 ---- 13655172560
 1240 ---- 13601607775
 1241 ---- 13901931174
 1242 ---- 18716142349
 1243 ---- 13961214497
 1244 ---- 13957146560
 1245 ---- 15021610670
 1246 ---- 15868818733
 1247 ---- 18260411123
 1248 ---- 18732982844
 1249 ---- 13426340287
 1250 ---- 13488728647
 1251 ---- +8618817912557
 1252 ---- 13986327160
 1253 ---- 13816430708
 1254 ---- 15800926554
 1255 ---- 13522232762
 1256 ---- 13482273578
 1257 ---- 13777557991
 1258 ---- 18801258710
 1259 ---- 18928092896
 1260 ---- 15869192343
 1261 ---- 13817455097
 1262 ---- 13764612091
 1263 ---- 18680330257
 1264 ---- 15989204845
 1265 ---- 13651834941
 1266 ---- 13811801054
 1267 ---- 15901831589
 1268 ---- 15921710621
 1269 ---- 13817050308
 1270 ---- 18610444931
 1271 ---- 13764173969
 1272 ---- 18668170725
 1273 ---- 13564742090
 1274 ---- 13916937374
 1275 ---- 17681738703
 1276 ---- 13910339147
 1277 ---- 15255115005
 1278 ---- 15858295019
 1279 ---- 13482687772
 1280 ---- 15877182903
 1281 ---- 18616198038
 1282 ---- 13621712182
 1283 ---- 15253127569
 1284 ---- 13811055341
 1285 ---- 15221888171
 1286 ---- 13608922777
 1287 ---- 15800693721
 1288 ---- 15921976815
 1289 ---- 18616120679
 1290 ---- 13636307366
 1291 ---- 13911840515
 1292 ---- 86-13764658655
 1293 ---- 15000600307
 1294 ---- 13917938848
 1295 ---- 13611706174
 1296 ---- 15011555870
 1297 ---- 13500539978
 1298 ---- 15158111582
 1299 ---- 15080327679
 1300 ---- 15000391866
 1301 ---- 13120269967
 1302 ---- 13248294313
 1303 ---- 15958117691
 1304 ---- 13524634601
 1305 ---- 13585751450
 1306 ---- 18917736949
 1307 ---- 13818030670
 1308 ---- 15801402405
 1309 ---- 13818923043
 1310 ---- 13717976835
 1311 ---- 13552183128
 1312 ---- +86 181 0165 8259
 1313 ---- 15800815627
 1314 ---- 15950899365
 1315 ---- 13911205736
 1316 ---- 18652006960
 1317 ---- 13764275651
 1318 ---- 13524001493
 1319 ---- 18616991116
 1320 ---- 13918426465
 1321 ---- 18580319871
 1322 ---- 13418554900
 1323 ---- 15151809834
 1324 ---- 18957875406
 1325 ---- 13917187786
 1326 ---- 18622562767
 1327 ---- 0061-0420-880-641
 1328 ---- +86-15003168580
 1329 ---- 18665858125
 1330 ---- 13761003696
 1331 ---- 13817431258
 1332 ---- 13818505027
 1333 ---- 15247731152
 1334 ---- 15800628921
 1335 ---- 13482133241
 1336 ---- 13366886478
 1337 ---- 13366795235
 1338 ---- 0086 13671681173
 1339 ---- 13761220321
 1340 ---- 15150803083
 1341 ---- 18939877946
 1342 ---- 13661468727
 1343 ---- 13961715722
 1344 ---- 13820832823
 1345 ---- 15901839078
 1346 ---- 15201676087
 1347 ---- 13750876453
 1348 ---- 15841516150
 1349 ---- 13801743404
 1350 ---- 15837821704
 1351 ---- 13918163004
 1352 ---- 15921460668
 1353 ---- 15257650702
 1354 ---- 18910317202
 1355 ---- 13901741195
 1356 ---- 18701125331
 1357 ---- 13818381778
 1358 ---- 15901900336
 1359 ---- 15801918503
 1360 ---- 15821532916
 1361 ---- 15001903244
 1362 ---- 18639966110
 1363 ---- 13524459976
 1364 ---- 13675548837
 1365 ---- 13917273717
 1366 ---- 15000300311
 1367 ---- 15121034010
 1368 ---- 13761452008
 1369 ---- 15858902933
 1370 ---- 13764069712
 1371 ---- 15811196697
 1372 ---- 15901900336
 1373 ---- 13636464266
 1374 ---- 15067449753
 1375 ---- 13581750132
 1376 ---- 15210116121
 1377 ---- 15207003873
 1378 ---- 15929766841
 1379 ---- 15068204583
 1380 ---- 13771039250
 1381 ---- 15248151030
 1382 ---- 18616198038
 1383 ---- 13688004213
 1384 ---- 13916661490
 1385 ---- 15501079275
 1386 ---- 13584847354
 1387 ---- 13855105996
 1388 ---- 13918652916
 1389 ---- 13671525124
 1390 ---- 13917940545
 1391 ---- 13774444463
 1392 ---- 15248151030
 1393 ---- 13636335387
 1394 ---- 13621709512
 1395 ---- 13764916833
 1396 ---- 13482273232
 1397 ---- 18701790728
 1398 ---- 15851759382
 1399 ---- 15298357501
 1400 ---- 15759219691
 1401 ---- 15000771680
 1402 ---- 13665249088
 1403 ---- 13761415613
 1404 ---- 18635539077
 1405 ---- 13774305498
 1406 ---- 15972130047
 1407 ---- 13426248655
 1408 ---- 15923503170
 1409 ---- 13564149806
 1410 ---- 13636678159
 1411 ---- 13559930514
 1412 ---- 15921533017
 1413 ---- 18685178227
 1414 ---- 13616561213
 1415 ---- 15996227014
 1416 ---- 13916158511
 1417 ---- 13817743393
 1418 ---- 13545056732
 1419 ---- 13917650548
 1420 ---- 15000297807
 1421 ---- 15921839599
 1422 ---- 13903844312
 1423 ---- 13764236001
 1424 ---- 13817478597
 1425 ---- 13816733540
 1426 ---- 13671986974
 1427 ---- 13817733450
 1428 ---- 13701725292
 1429 ---- 13888805654
 1430 ---- 15652636076
 1431 ---- 15121016609
 1432 ---- 13917948407
 1433 ---- 18502745567
 1434 ---- 13917227298
 1435 ---- 008613125401003
 1436 ---- 15827158088
 1437 ---- 15220174613
 1438 ---- 18057221128
 1439 ---- 15101198488
 1440 ---- 13764560839
 1441 ---- 15900938086
 1442 ---- 13100627818
 1443 ---- 13524973644
 1444 ---- 18616939517
 1445 ---- 137-6400-5776
 1446 ---- 13761952727
 1447 ---- 18666011259
 1448 ---- 13774288649
 1449 ---- 18611161637
 1450 ---- 13564339861
 1451 ---- 15900937957
 1452 ---- 15806199497
 1453 ---- 15849324015
 1454 ---- 13584084088
 1455 ---- 13916069270
 1456 ---- 13795229520
 1457 ---- 13918776588
 1458 ---- 13752279660
 1459 ---- 13761153252
 1460 ---- 13861091895
 1461 ---- 13477000170
 1462 ---- 13916730932
 1463 ---- 13512156629
 1464 ---- 13564775490
 1465 ---- 15191854434
 1466 ---- 18930107909
 1467 ---- 18801803696
 1468 ---- 13761986774
 1469 ---- 15800391985
 1470 ---- 13456759602
 1471 ---- 15252016558
 1472 ---- 13764081483
 1473 ---- 13918443198
 1474 ---- 13482860042
 1475 ---- 15000217332
 1476 ---- 15902356601
 1477 ---- 13817321476
 1478 ---- 13764086196
 1479 ---- 15705911331
 1480 ---- 18735166425
 1481 ---- 13524882106
 1482 ---- 15026849885
 1483 ---- 13708860136
 1484 ---- 13313316128
 1485 ---- 18701480847
 1486 ---- 8613916696292
 1487 ---- 18621380087
 1488 ---- 13636648770
 1489 ---- 13604178082
 1490 ---- 18368898705
 1491 ---- 13901969095
 1492 ---- 13818233380
 1493 ---- 13884407476
 1494 ---- 13916957872
 1495 ---- 18611172268
 1496 ---- 13817662950
 1497 ---- 15267976818
 1498 ---- 13621754270
 1499 ---- 13764932648
 1500 ---- 13916972058
 1501 ---- 14782864220
 1502 ---- 15922597416
 1503 ---- 0086018718885225
 1504 ---- 13651770070
 1505 ---- 13854458199
 1506 ---- 13795372573
 1507 ---- 18888872083
 1508 ---- 13991525832
 1509 ---- 13535433330
 1510 ---- 15141366664
 1511 ---- 13661632733
 1512 ---- 139 175 88002
 1513 ---- 13512132353
 1514 ---- 18611105934
 1515 ---- 13923772323
 1516 ---- 13611827047
 1517 ---- 8613916227702
 1518 ---- 15167355490
 1519 ---- +860 18323091226
 1520 ---- 00970557521834
 1521 ---- 13564742090
 1522 ---- 13951995983
 1523 ---- 13918046770
 1524 ---- 15811168923
 1525 ---- 137 6147 4068
 1526 ---- 18939758089
 1527 ---- 13817327987
 1528 ---- 18702116093
 1529 ---- 15800853091
 1530 ---- 13159847891
 1531 ---- 18611741306
 1532 ---- 13661631301
 1533 ---- 13707195349
 1534 ---- 18201013008
 1535 ---- 13541284525
 1536 ---- 13918289004
 1537 ---- 13918821188
 1538 ---- 13823700231
 1539 ---- 13917028490
 1540 ---- 15190236226
 1541 ---- 15998228861
 1542 ---- 13601854553
 1543 ---- 18940877749
 1544 ---- 15800710960
 1545 ---- 13611740525
 1546 ---- 13761422013
 1547 ---- 8613916903925
 1548 ---- 13795360604
 1549 ---- 18721977860
 1550 ---- 13560001858
 1551 ---- 15921204807
 1552 ---- +971561254711
 1553 ---- 13817564397
 1554 ---- 15910951401
 1555 ---- 18665866531
 1556 ---- 13563586517
 1557 ---- 15921272705
 1558 ---- 18722023658
 1559 ---- 18616357715
 1560 ---- 15041553967
 1561 ---- 18717728225
 1562 ---- 13482219468
 1563 ---- 13818308708
 1564 ---- 18660803521
 1565 ---- 13685739937
 1566 ---- 18229846972
 1567 ---- 0086 158 21 123472
 1568 ---- 13761452008
 1569 ---- 13577173090
 1570 ---- 13818033880
 1571 ---- 15813834001
 1572 ---- 86-15011279317
 1573 ---- 13761890110
 1574 ---- 13969832559
 1575 ---- 15201999895
 1576 ---- +86 13817704056
 1577 ---- 15869192581
 1578 ---- 15221066996
 1579 ---- 13753093994
 1580 ---- 13918499394
 1581 ---- 13913361744
 1582 ---- 13818792076
 1583 ---- 13916238300
 1584 ---- 13971514147
 1585 ---- 13811241313
 1586 ---- 13934870075
 1587 ---- 13816511288
 1588 ---- 15101669290
 1589 ---- 13905420396
 1590 ---- 13818911685
 1591 ---- 15950179414
 1592 ---- 13601967062/+85363887167
 1593 ---- 15958092250
 1594 ---- 15651510096
 1595 ---- 15901533960
 1596 ---- 18250813550
 1597 ---- 13774288649
 1598 ---- 13759903077
 1599 ---- 15862440205/13718086717
 1600 ---- 13810444806
 1601 ---- 13916156317
 1602 ---- 18946582859
 1603 ---- 13761422159
 1604 ---- 13819489601
 1605 ---- 18651582012
 1606 ---- 15802906901
 1607 ---- 13501642798
 1608 ---- 13818178485
 1609 ---- 86-13764005810
 1610 ---- 13067812899
 1611 ---- 13682073721
 1612 ---- 13593190587
 1613 ---- 15811656979
 1614 ---- 13922140231
 1615 ---- 15892033910
 1616 ---- 13422867094
 1617 ---- 13636455308
 1618 ---- 13726214972
 1619 ---- 13501847005
 1620 ---- 13918608225
 1621 ---- 13585885486
 1622 ---- 13857187109
 1623 ---- 00971508292639
 1624 ---- 00853-62388648
 1625 ---- +8613925100119
 1626 ---- 15823398252
 1627 ---- （86）13816781660
 1628 ---- 18581318801
 1629 ---- 18681250910
 1630 ---- 13703523520
 1631 ---- 15819224436
 1632 ---- 13544073158
 1633 ---- 18773140993
 1634 ---- 15114780991
 1635 ---- 13752963318
 1636 ---- 18751177525
 1637 ---- 13632251072
 1638 ---- 13761147105
 1639 ---- 13560416481
 1640 ---- 13774209960
 1641 ---- 13751808132
 1642 ---- 13602152724
 1643 ---- 15018410065
 1644 ---- 13755659770
 1645 ---- 15870003779
 1646 ---- 15820796747
 1647 ---- 18008648871
 1648 ---- 13761641874
 1649 ---- 18782224172
 1650 ---- 15819979014
 1651 ---- 13913312068
 1652 ---- 18063891768
 1653 ---- 13918314521
 1654 ---- 15980752830
 1655 ---- 13813592090
 1656 ---- 13939791697
 1657 ---- 13611611228
 1658 ---- 15071476587
 1659 ---- 18198209909
 1660 ---- 15150501315
 1661 ---- 13816073676
 1662 ---- 13828860634
 1663 ---- 13965020727
 1664 ---- 13816282402
 1665 ---- 13636331435
 1666 ---- 13764259890
 1667 ---- 13422867094
 1668 ---- 13482782933
 1669 ---- 13818582490
 1670 ---- 13699734512
 1671 ---- 13986327160
 1672 ---- 13917155256
 1673 ---- 13651352049
 1674 ---- 13405716302
 1675 ---- 13416152566
 1676 ---- 13926969339
 1677 ---- 18603007311
 1678 ---- 15269600221
 1679 ---- 18964888105
 1680 ---- 13731105109
 1681 ---- 18725632459
 1682 ---- 13472752653
 1683 ---- 15010939369
 1684 ---- 15018429134
 1685 ---- 18618303115
 1686 ---- One five two four four one eight zerozero nine six
 1687 ---- 15109214067
 1688 ---- 15800715633
 1689 ---- 13564099662
 1690 ---- 13774456284
 1691 ---- 13774231860
 1692 ---- 18640822598
 1693 ---- 15088397302
 1694 ---- 13923099609
 1695 ---- 15215024477
 1696 ---- 13564391668
 1697 ---- 13826137278
 1698 ---- 13122825330
 1699 ---- 13826493796
 1700 ---- 13764050717
 1701 ---- 13795203857
 1702 ---- 15622122575
 1703 ---- 15821302585
 1704 ---- 15876509146
 1705 ---- 13418074391
 1706 ---- 13792842429
 1707 ---- 18512346929
 1708 ---- 15000495467
 1709 ---- 13711057667
 1710 ---- 13818881615
 1711 ---- 15001802002
 1712 ---- 15800017436
 1713 ---- 15000654402
 1714 ---- 13916894761
 1715 ---- 13671763131
 1716 ---- 13480724050
 1717 ---- 13918110315
 1718 ---- 13524428881
 1719 ---- 13817068840
 1720 ---- 15825915951
 1721 ---- 18721118848
 1722 ---- 15921407612
 1723 ---- 15807005574
 1724 ---- 13760797774
 1725 ---- 13817490987
 1726 ---- 15920468341
 1727 ---- 13826071462
 1728 ---- 15195958658
 1729 ---- 13570461518
 1730 ---- 13913961254
 1731 ---- 18621821307
 1732 ---- 18202148178
 1733 ---- 18611301884
 1734 ---- 15000000416
 1735 ---- 13636393085
 1736 ---- 15158865240
 1737 ---- 15052511736
 1738 ---- 13601823023
 1739 ---- 13818849016
 1740 ---- 15898173255
 1741 ---- 13167268683
 1742 ---- 0-13717959488
 1743 ---- 15008263376
 1744 ---- 1860951617
 1745 ---- 13635604753
 1746 ---- 13758167263
 1747 ---- 15121038011
 1748 ---- 13817042735
 1749 ---- 15246662468
 1750 ---- 18621693915
 1751 ---- 13917905197
 1752 ---- 15996354831
 1753 ---- 13564883368
 1754 ---- 15922378223
 1755 ---- 15201958642
 1756 ---- 15800148976
 1757 ---- 13647665585
 1758 ---- 15021526892
 1759 ---- 13816729628
 1760 ---- 13452509335
 1761 ---- 15801952410
 1762 ---- 15221535331
 1763 ---- 18217245885
 1764 ---- 13818794634
 1765 ---- 13760811503
 1766 ---- 13816315872
 1767 ---- 13651803516
 1768 ---- 15821686996
 1769 ---- 15888067811
 1770 ---- 18217560885
 1771 ---- 15922407291
 1772 ---- 13671884228
 1773 ---- 13817586739
 1774 ---- 13671692882
 1775 ---- 18655926181
 1776 ---- 18221219765
 1777 ---- 13611886939
 1778 ---- 13211639983
 1779 ---- 15102197731
 1780 ---- 13916995864
 1781 ---- 13761181525
 1782 ---- 15900695616
 1783 ---- 13764406137
 1784 ---- 13918406352
 1785 ---- 18260411308
 1786 ---- 18789839137
 1787 ---- 13916714004
 1788 ---- 15150461968
 1789 ---- 13552356350
 1790 ---- 13901815651
 1791 ---- 13564074528
 1792 ---- 15067251336
 1793 ---- 18616103650
 1794 ---- 18621862419
 1795 ---- 15288036988
 1796 ---- 18681831033
 1797 ---- 15989245437
 1798 ---- 15921906379
 1799 ---- 13774419046
 1800 ---- 86-13958131387
 1801 ---- 15989132077
 1802 ---- 13918540587
 1803 ---- 13701958924
 1804 ---- 00971555941598
 1805 ---- 18502114714
 1806 ---- 13524671212
 1807 ---- 18717863850
 1808 ---- 13959267473
 1809 ---- 13641673918
 1810 ---- 15962176920
 1811 ---- 15841168437
 1812 ---- 13816414527
 1813 ---- 15018717983
 1814 ---- 18601659012
 1815 ---- 18602386621
 1816 ---- 15221158058
 1817 ---- 13842028096
 1818 ---- 18653008836
 1819 ---- 18790682477
 1820 ---- 13817857776
 1821 ---- 13761812275
 1822 ---- 13501639840
 1823 ---- 13761973534
 1824 ---- 13816869100
 1825 ---- 15618765626
 1826 ---- 18988297569
 1827 ---- 13765282271
 1828 ---- 13862039664
 1829 ---- 18616852150
 1830 ---- 13816077526
 1831 ---- 13760315225
 1832 ---- 15800346136
 1833 ---- 13601636947
 1834 ---- 13983951531
 1835 ---- 13501980248
 1836 ---- 13067934893
 1837 ---- 13817686987
 1838 ---- 13916266952
 1839 ---- 13585601861
 1840 ---- 13816997477
 1841 ---- 15821152374
 1842 ---- 15934823312
 1843 ---- 13817998236
 1844 ---- 15800710960
 1845 ---- 13908489604
 1846 ---- 15201824449
 1847 ---- 13922843737
 1848 ---- 18205321107
 1849 ---- 13627990710
 1850 ---- 15986816010
 1851 ---- 13482316607
 1852 ---- 13916932154
 1853 ---- 13918956484
 1854 ---- 18761931279
 1855 ---- 15084936154
 1856 ---- 13365617366
 1857 ---- 15002356363
 1858 ---- 18660114468
 1859 ---- 18657568808
 1860 ---- 13816773119
 1861 ---- 18616612276
 1862 ---- 13795236343
 1863 ---- 13585916541
 1864 ---- 18523348300
 1865 ---- 00971-557758357
 1866 ---- 13816822611
 1867 ---- 13660333084
 1868 ---- 13580407067
 1869 ---- 138016090593
 1870 ---- 13515219752
 1871 ---- 18655110406
 1872 ---- 13761059225
 1873 ---- 13681680526
 1874 ---- 13916746520
 1875 ---- 18621690169
 1876 ---- 13912774773
 1877 ---- 18650751813
 1878 ---- 13425886607
 1879 ---- 13818759960
 1880 ---- 13923868826
 1881 ---- 135456789012
 1882 ---- 13738731063
 1883 ---- 13918739272
 1884 ---- 13916141670
 1885 ---- 18701956018
 1886 ---- 13640524332
 1887 ---- 13816231531
 1888 ---- 13818456560
 1889 ---- 13816918638
 1890 ---- 13580491127
 1891 ---- 13818280908
 1892 ---- 13666631742
 1893 ---- 008615108880580
 1894 ---- 15000358257
 1895 ---- 13681986631
 1896 ---- 13681986631
 1897 ---- 18600040190
 1898 ---- 18616198629
 1899 ---- 13774318124
 1900 ---- 15900657710
 1901 ---- 13636455308
 1902 ---- 15510019626
 1903 ---- 13688819082
 1904 ---- 13816692730
 1905 ---- 13892016035
 1906 ---- 13427506342
 1907 ---- 13761801205
 1908 ---- 13816828695
 1909 ---- 15920499350
 1910 ---- 15824618031
 1911 ---- 13811605324
 1912 ---- 18805640903
 1913 ---- 13512157775
 1914 ---- 15365546639
 1915 ---- 15861681652
 1916 ---- 13901854084
 1917 ---- 13925197890
 1918 ---- 15921927798
 1919 ---- 13478694274
 1920 ---- 18601626236
 1921 ---- 13916481002
 1922 ---- 13140079269
 1923 ---- 13910718600 13383513161
 1924 ---- 15859233356
 1925 ---- 13917186198
 1926 ---- 15821026055
 1927 ---- 15216748247
 1928 ---- 15821661196
 1929 ---- 13560139779
 1930 ---- 13564785859
 1931 ---- 15012580110
 1932 ---- 13817606634
 1933 ---- 13671886845
 1934 ---- 15850947382
 1935 ---- 13632702193
 1936 ---- 13524500310
 1937 ---- 13611951801
 1938 ---- 13515744342
 1939 ---- 15918346347
 1940 ---- 13636315917
 1941 ---- 13651643455
 1942 ---- 15821630623
 1943 ---- 15285242322
 1944 ---- 13817563992
 1945 ---- +971555118002
 1946 ---- 00 673 8613776
 1947 ---- 15628745874
 1948 ---- 13524995885
 1949 ---- 13585622351
 1950 ---- 15158183656
 1951 ---- 18671535587
 1952 ---- 18616139497
 1953 ---- 14782367950
 1954 ---- 13564757837
 1955 ---- 13501698754
 1956 ---- 13678448219
 1957 ---- 13482577913
 1958 ---- 18686514355
 1959 ---- 008613487677763
 1960 ---- 18926113025
 1961 ---- 13918459311
 1962 ---- 13636479330
 1963 ---- 13918539953
 1964 ---- 13661818903
 1965 ---- 13599133406
 1966 ---- 15901831589
 1967 ---- 18221916473
 1968 ---- 13524261271
 1969 ---- 18662263200
 1970 ---- 13916221205
 1971 ---- 15821024996
 1972 ---- 13916741218
 1973 ---- 15800414944
 1974 ---- 13429207197
 1975 ---- 18602046524
 1976 ---- 13817502466
 1977 ---- 0086 186 2160 3319
 1978 ---- 13917915210
 1979 ---- 15800786263
 1980 ---- 15298984297
 1981 ---- 15899898902
 1982 ---- 18818000747
 1983 ---- 13524069743
 1984 ---- 13917841874
 1985 ---- 13918473318
 1986 ---- 13917762460
 1987 ---- 18314353115
 1988 ---- 13817770349
 1989 ---- 15900691443
 1990 ---- 18502919882
 1991 ---- 13466537282
 1992 ---- 15195089265
 1993 ---- 18650032871
 1994 ---- 13482649303
 1995 ---- 13770062700
 1996 ---- 18782902593
 1997 ---- 13585985256
 1998 ---- 15286016911
 1999 ---- 13641605317
 2000 ---- 13858105718
 2001 ---- 13250565201
 2002 ---- 15168814770
 2003 ---- 13917247763
 2004 ---- 13811662293
 2005 ---- 15190375601
 2006 ---- 13861856498
 2007 ---- 18666991271
 2008 ---- 18757595566
 2009 ---- 15105273250
 2010 ---- 13616000292
 2011 ---- 18721805012
 2012 ---- 13701988183
 2013 ---- 15158038061
 2014 ---- 15093503939
 2015 ---- 18666900053
 2016 ---- 8613818339778
 2017 ---- 13764203016
 2018 ---- 18158569207
 2019 ---- 18602510622
 2020 ---- 18601764623
 2021 ---- 18600689983
 2022 ---- 18221464276
 2023 ---- 13501626833
 2024 ---- 13816358880
 2025 ---- 13917343490
 2026 ---- 18688177988
 2027 ---- 13681985180
 2028 ---- 15221791331
 2029 ---- 13817267793
 2030 ---- 13951976975
 2031 ---- 00971502975216
 2032 ---- 13020215156
 2033 ---- 15013699012
 2034 ---- 18669858766
 2035 ---- 18621188925
 2036 ---- 13818020071
 2037 ---- 13761175077
 2038 ---- 15977484343
 2039 ---- 13917345451
 2040 ---- 13524740717
 2041 ---- 13524740655
 2042 ---- 18928975214
 2043 ---- 13816434929
 2044 ---- 15000441883
 2045 ---- 86 15054258956
 2046 ---- 13564529378
 2047 ---- 13524986062
 2048 ---- 18614011318
 2049 ---- 13636535675
 2050 ---- 13761753668
 2051 ---- 13761777405
 2052 ---- 15021508802
 2053 ---- 13917406280
 2054 ---- 15088872835
 2055 ---- 15802111780
 2056 ---- 13761596565
 2057 ---- 18651734702
 2058 ---- 13311669777
 2059 ---- 13719357858
 2060 ---- 13816469044
 2061 ---- 13855104625
 2062 ---- 13585135343
 2063 ---- 13611662949
 2064 ---- 18696790612
 2065 ---- 15045663585
 2066 ---- 15800897781
 2067 ---- 15210491334
 2068 ---- 18621547439
 2069 ---- 027718603011
 2070 ---- 18602393940
 2071 ---- 18666010053
 2072 ---- 13882289740
 2073 ---- 15102135532
 2074 ---- 13770671105
 2075 ---- 13758217458
 2076 ---- 15849188831
 2077 ---- 13585705403
 2078 ---- 15026631311
 2079 ---- 15000924557
 2080 ---- 13764376772
 2081 ---- 15001102617
 2082 ---- 13701642461
 2083 ---- 15618060121
 2084 ---- 18221317775
 2085 ---- 13570333486
 2086 ---- 13790465267
 2087 ---- 15913155807
 2088 ---- 13501617754
 2089 ---- 18603979098
 2090 ---- 13621757711
 2091 ---- 13564777664
 2092 ---- 15258817008
 2093 ---- 13639052522
 2094 ---- 15008419882
 2095 ---- 13782710819
 2096 ---- 18749497923
 2097 ---- 13570975631
 2098 ---- 13916183736
 2099 ---- 13910898449
 2100 ---- 13764686196
 2101 ---- 13671765458
 2102 ---- 15980551125
 2103 ---- 15876518812
 2104 ---- 13386055812
 2105 ---- 15801782123
 2106 ---- 15026934647
 2107 ---- 13601824075
 2108 ---- 18621769464